<?xml version="1.0" encoding="UTF-8"?>
<!-- Generated by org.testng.reporters.JUnitXMLReporter -->
<testsuite ignored="0" hostname="haris-MacBook-Air.local" failures="0" tests="7" name="Free CRM App Test Cases" time="112.889" errors="0" timestamp="18 Dec 2018 15:28:33 GMT">
  <testcase classname="com.crm.qa.test.LoginPageTest" name="loginpagetitletest" time="0.023"/>
  <testcase classname="com.crm.qa.test.HomePageTest" name="gettitleofHomepage" time="0.012"/>
  <testcase classname="com.crm.qa.test.ContactsPageTest" name="CreateNewContact" time="2.42"/>
  <testcase classname="com.crm.qa.test.ContactsPageTest" name="CreateNewContact" time="2.042"/>
  <testcase classname="com.crm.qa.test.LoginPageTest" name="login" time="7.828"/>
  <testcase classname="com.crm.qa.test.HomePageTest" name="ClickOnContactslink" time="1.324"/>
  <testcase classname="com.crm.qa.test.HomePageTest" name="clickonNewContacts" time="2.505"/>
</testsuite> <!-- Free CRM App Test Cases -->
