<?xml version="1.0" encoding="UTF-8"?>
<testng-results ignored="0" total="7" passed="7" failed="0" skipped="0">
  <reporter-output>
  </reporter-output>
  <suite started-at="2018-12-18T15:26:36Z" name="FREE CRM Application Test Automation Test Suite" finished-at="2018-12-18T15:28:28Z" duration-ms="112889">
    <groups>
    </groups>
    <test started-at="2018-12-18T15:26:36Z" name="Free CRM App Test Cases" finished-at="2018-12-18T15:28:28Z" duration-ms="112889">
      <class name="com.crm.qa.test.LoginPageTest">
        <test-method is-config="true" signature="setup()[pri:0, instance:com.crm.qa.test.LoginPageTest@76f2bbc1]" started-at="2018-12-18T15:26:36Z" name="setup" finished-at="2018-12-18T15:26:44Z" duration-ms="7957" status="PASS">
          <reporter-output>
          </reporter-output>
        </test-method> <!-- setup -->
        <test-method signature="loginpagetitletest()[pri:1, instance:com.crm.qa.test.LoginPageTest@76f2bbc1]" started-at="2018-12-18T15:26:44Z" name="loginpagetitletest" finished-at="2018-12-18T15:26:44Z" duration-ms="23" status="PASS">
          <reporter-output>
          </reporter-output>
        </test-method> <!-- loginpagetitletest -->
        <test-method is-config="true" signature="teardown()[pri:0, instance:com.crm.qa.test.LoginPageTest@76f2bbc1]" started-at="2018-12-18T15:26:44Z" name="teardown" finished-at="2018-12-18T15:26:44Z" duration-ms="146" status="PASS">
          <reporter-output>
          </reporter-output>
        </test-method> <!-- teardown -->
        <test-method is-config="true" signature="setup()[pri:0, instance:com.crm.qa.test.LoginPageTest@76f2bbc1]" started-at="2018-12-18T15:27:43Z" name="setup" finished-at="2018-12-18T15:27:50Z" duration-ms="7146" status="PASS">
          <reporter-output>
          </reporter-output>
        </test-method> <!-- setup -->
        <test-method signature="login()[pri:2, instance:com.crm.qa.test.LoginPageTest@76f2bbc1]" started-at="2018-12-18T15:27:50Z" name="login" finished-at="2018-12-18T15:27:58Z" duration-ms="7828" status="PASS">
          <reporter-output>
          </reporter-output>
        </test-method> <!-- login -->
        <test-method is-config="true" signature="teardown()[pri:0, instance:com.crm.qa.test.LoginPageTest@76f2bbc1]" started-at="2018-12-18T15:27:58Z" name="teardown" finished-at="2018-12-18T15:27:58Z" duration-ms="147" status="PASS">
          <reporter-output>
          </reporter-output>
        </test-method> <!-- teardown -->
      </class> <!-- com.crm.qa.test.LoginPageTest -->
      <class name="com.crm.qa.test.HomePageTest">
        <test-method is-config="true" signature="setup()[pri:0, instance:com.crm.qa.test.HomePageTest@68e965f5]" started-at="2018-12-18T15:26:44Z" name="setup" finished-at="2018-12-18T15:26:59Z" duration-ms="15455" status="PASS">
          <reporter-output>
          </reporter-output>
        </test-method> <!-- setup -->
        <test-method signature="gettitleofHomepage()[pri:1, instance:com.crm.qa.test.HomePageTest@68e965f5]" started-at="2018-12-18T15:26:59Z" name="gettitleofHomepage" finished-at="2018-12-18T15:26:59Z" duration-ms="12" status="PASS">
          <reporter-output>
          </reporter-output>
        </test-method> <!-- gettitleofHomepage -->
        <test-method is-config="true" signature="tearDown()[pri:0, instance:com.crm.qa.test.HomePageTest@68e965f5]" started-at="2018-12-18T15:26:59Z" name="tearDown" finished-at="2018-12-18T15:26:59Z" duration-ms="132" status="PASS">
          <reporter-output>
          </reporter-output>
        </test-method> <!-- tearDown -->
        <test-method is-config="true" signature="setup()[pri:0, instance:com.crm.qa.test.HomePageTest@68e965f5]" started-at="2018-12-18T15:27:58Z" name="setup" finished-at="2018-12-18T15:28:11Z" duration-ms="12989" status="PASS">
          <reporter-output>
          </reporter-output>
        </test-method> <!-- setup -->
        <test-method signature="ClickOnContactslink()[pri:2, instance:com.crm.qa.test.HomePageTest@68e965f5]" started-at="2018-12-18T15:28:11Z" name="ClickOnContactslink" finished-at="2018-12-18T15:28:13Z" duration-ms="1324" status="PASS">
          <reporter-output>
          </reporter-output>
        </test-method> <!-- ClickOnContactslink -->
        <test-method is-config="true" signature="tearDown()[pri:0, instance:com.crm.qa.test.HomePageTest@68e965f5]" started-at="2018-12-18T15:28:13Z" name="tearDown" finished-at="2018-12-18T15:28:13Z" duration-ms="162" status="PASS">
          <reporter-output>
          </reporter-output>
        </test-method> <!-- tearDown -->
        <test-method is-config="true" signature="setup()[pri:0, instance:com.crm.qa.test.HomePageTest@68e965f5]" started-at="2018-12-18T15:28:13Z" name="setup" finished-at="2018-12-18T15:28:26Z" duration-ms="12886" status="PASS">
          <reporter-output>
          </reporter-output>
        </test-method> <!-- setup -->
        <test-method signature="clickonNewContacts()[pri:3, instance:com.crm.qa.test.HomePageTest@68e965f5]" started-at="2018-12-18T15:28:26Z" name="clickonNewContacts" finished-at="2018-12-18T15:28:28Z" duration-ms="2505" status="PASS">
          <reporter-output>
          </reporter-output>
        </test-method> <!-- clickonNewContacts -->
        <test-method is-config="true" signature="tearDown()[pri:0, instance:com.crm.qa.test.HomePageTest@68e965f5]" started-at="2018-12-18T15:28:28Z" name="tearDown" finished-at="2018-12-18T15:28:28Z" duration-ms="132" status="PASS">
          <reporter-output>
          </reporter-output>
        </test-method> <!-- tearDown -->
      </class> <!-- com.crm.qa.test.HomePageTest -->
      <class name="com.crm.qa.test.ContactsPageTest">
        <test-method is-config="true" signature="setup()[pri:0, instance:com.crm.qa.test.ContactsPageTest@6f27a732]" started-at="2018-12-18T15:27:00Z" name="setup" finished-at="2018-12-18T15:27:19Z" duration-ms="18557" status="PASS">
          <reporter-output>
          </reporter-output>
        </test-method> <!-- setup -->
        <test-method signature="CreateNewContact(java.lang.String, java.lang.String, java.lang.String, java.lang.String)[pri:1, instance:com.crm.qa.test.ContactsPageTest@6f27a732]" started-at="2018-12-18T15:27:19Z" name="CreateNewContact" data-provider="gettestdata" finished-at="2018-12-18T15:27:21Z" duration-ms="2420" status="PASS">
          <params>
            <param index="0">
              <value>
                <![CDATA[Mr.]]>
              </value>
            </param>
            <param index="1">
              <value>
                <![CDATA[Neti]]>
              </value>
            </param>
            <param index="2">
              <value>
                <![CDATA[Norre]]>
              </value>
            </param>
            <param index="3">
              <value>
                <![CDATA[Apple]]>
              </value>
            </param>
          </params>
          <reporter-output>
          </reporter-output>
        </test-method> <!-- CreateNewContact -->
        <test-method is-config="true" signature="teardown()[pri:0, instance:com.crm.qa.test.ContactsPageTest@6f27a732]" started-at="2018-12-18T15:27:21Z" name="teardown" finished-at="2018-12-18T15:27:21Z" duration-ms="146" status="PASS">
          <reporter-output>
          </reporter-output>
        </test-method> <!-- teardown -->
        <test-method is-config="true" signature="setup()[pri:0, instance:com.crm.qa.test.ContactsPageTest@6f27a732]" started-at="2018-12-18T15:27:21Z" name="setup" finished-at="2018-12-18T15:27:41Z" duration-ms="19747" status="PASS">
          <reporter-output>
          </reporter-output>
        </test-method> <!-- setup -->
        <test-method signature="CreateNewContact(java.lang.String, java.lang.String, java.lang.String, java.lang.String)[pri:1, instance:com.crm.qa.test.ContactsPageTest@6f27a732]" started-at="2018-12-18T15:27:41Z" name="CreateNewContact" data-provider="gettestdata" finished-at="2018-12-18T15:27:43Z" duration-ms="2042" status="PASS">
          <params>
            <param index="0">
              <value>
                <![CDATA[Prof.]]>
              </value>
            </param>
            <param index="1">
              <value>
                <![CDATA[Billy]]>
              </value>
            </param>
            <param index="2">
              <value>
                <![CDATA[Samson]]>
              </value>
            </param>
            <param index="3">
              <value>
                <![CDATA[Google]]>
              </value>
            </param>
          </params>
          <reporter-output>
          </reporter-output>
        </test-method> <!-- CreateNewContact -->
        <test-method is-config="true" signature="teardown()[pri:0, instance:com.crm.qa.test.ContactsPageTest@6f27a732]" started-at="2018-12-18T15:27:43Z" name="teardown" finished-at="2018-12-18T15:27:43Z" duration-ms="134" status="PASS">
          <reporter-output>
          </reporter-output>
        </test-method> <!-- teardown -->
      </class> <!-- com.crm.qa.test.ContactsPageTest -->
    </test> <!-- Free CRM App Test Cases -->
  </suite> <!-- FREE CRM Application Test Automation Test Suite -->
</testng-results>
